<?xml version="1.0"?>
<testsuite name="Chrome 92.0.4515 (Windows 10.0.0)" package="" timestamp="2021-08-02T11:57:34" id="0" hostname="DESKTOP-FFK8Q7K" tests="30" errors="0" failures="0" time="3.191">
  <properties>
    <property name="browser.fullName" value="Mozilla/5.0 (Windows NT 10.0; Win64; x64) AppleWebKit/537.36 (KHTML, like Gecko) Chrome/92.0.4515.107 Safari/537.36"/>
  </properties>
  <testcase name="AppComponent should create the app" time="0.276" classname="Chrome_92_0_4515_(Windows_10_0_0).AppComponent"/>
  <testcase name="AppComponent should have as title 'angular-unit-testing'" time="0.316" classname="Chrome_92_0_4515_(Windows_10_0_0).AppComponent"/>
  <testcase name="AppComponent should render title in a h1 tag" time="0.449" classname="Chrome_92_0_4515_(Windows_10_0_0).AppComponent"/>
  <testcase name="CommonExamplesComponent should create" time="0.833" classname="Chrome_92_0_4515_(Windows_10_0_0).CommonExamplesComponent"/>
  <testcase name="CommonExamplesComponent should set the result when getResult method is called" time="0.074" classname="Chrome_92_0_4515_(Windows_10_0_0).CommonExamplesComponent"/>
  <testcase name="CommonExamplesComponent should set the result of arithmetic operation when button is clicked" time="0.08" classname="Chrome_92_0_4515_(Windows_10_0_0).CommonExamplesComponent"/>
  <testcase name="DomTestingComponent should create" time="0.054" classname="Chrome_92_0_4515_(Windows_10_0_0).DomTestingComponent"/>
  <testcase name="DomTestingComponent should not have the DOM element initially as flag is false" time="0.038" classname="Chrome_92_0_4515_(Windows_10_0_0).DomTestingComponent"/>
  <testcase name="DomTestingComponent should contain dom element when flag is set to true" time="0.084" classname="Chrome_92_0_4515_(Windows_10_0_0).DomTestingComponent"/>
  <testcase name="DomTestingComponent should have toggle button name based on flag" time="0.136" classname="Chrome_92_0_4515_(Windows_10_0_0).DomTestingComponent"/>
  <testcase name="InputOutputTestingComponent should create" time="0.101" classname="Chrome_92_0_4515_(Windows_10_0_0).InputOutputTestingComponent"/>
  <testcase name="InputOutputTestingComponent should correctly render the passed @Input value" time="0.066" classname="Chrome_92_0_4515_(Windows_10_0_0).InputOutputTestingComponent"/>
  <testcase name="InputOutputTestingComponent should emit the event when button is clicked" time="0.076" classname="Chrome_92_0_4515_(Windows_10_0_0).InputOutputTestingComponent"/>
  <testcase name="MockingDependenciesExampleComponent should create and invoke getDummyData method" time="0.065" classname="Chrome_92_0_4515_(Windows_10_0_0).MockingDependenciesExampleComponent"/>
  <testcase name="SampleStructureComponent should create" time="0.085" classname="Chrome_92_0_4515_(Windows_10_0_0).SampleStructureComponent"/>
  <testcase name="HighlightDirective should highlight content when hovering over input" time="0.066" classname="Chrome_92_0_4515_(Windows_10_0_0).HighlightDirective"/>
  <testcase name="DashboardComponent should create" time="0.05" classname="Chrome_92_0_4515_(Windows_10_0_0).DashboardComponent"/>
  <testcase name="LoginComponent should create" time="0.038" classname="Chrome_92_0_4515_(Windows_10_0_0).LoginComponent"/>
  <testcase name="SignupComponent should create" time="0.069" classname="Chrome_92_0_4515_(Windows_10_0_0).SignupComponent"/>
  <testcase name="AccountService should be created" time="0.026" classname="Chrome_92_0_4515_(Windows_10_0_0).AccountService"/>
  <testcase name="DashboardService should be created" time="0.03" classname="Chrome_92_0_4515_(Windows_10_0_0).DashboardService"/>
  <testcase name="FacadeService should be created" time="0.021" classname="Chrome_92_0_4515_(Windows_10_0_0).FacadeService"/>
  <testcase name="LoginService should be created" time="0.021" classname="Chrome_92_0_4515_(Windows_10_0_0).LoginService"/>
  <testcase name="SignupService should be created" time="0.021" classname="Chrome_92_0_4515_(Windows_10_0_0).SignupService"/>
  <testcase name="SearchPipe create an instance" time="0.008" classname="Chrome_92_0_4515_(Windows_10_0_0).SearchPipe"/>
  <testcase name="SearchPipe should filter the result based on the searchText" time="0" classname="Chrome_92_0_4515_(Windows_10_0_0).SearchPipe"/>
  <testcase name="FacadeService should be created" time="0.023" classname="Chrome_92_0_4515_(Windows_10_0_0).FacadeService"/>
  <testcase name="FacadeService should invoke http method and return data when getData method is called" time="0.027" classname="Chrome_92_0_4515_(Windows_10_0_0).FacadeService"/>
  <testcase name="FacadeService Testing Promises" time="0.025" classname="Chrome_92_0_4515_(Windows_10_0_0).FacadeService"/>
  <testcase name="FacadeService should call respective operation method and return results, when performArithmenticOperations is called" time="0.033" classname="Chrome_92_0_4515_(Windows_10_0_0).FacadeService"/>
  <system-out>
    <![CDATA[Chrome 92.0.4515 (Windows 10.0.0) ERROR
  DisconnectedClient disconnected from CONNECTED state (transport error)

]]>
  </system-out>
  <system-err/>
</testsuite>